2017-07-20 17:01:44: TR008-Ka: NRM  0 (Dn): Unacceptable slop on up/down motor moving from  -40 to -44573 at speed  60000000.    Target position: -44573  Current position: -5410    Execution has been paused. Please check machine.
2017-07-20 17:02:09: TR008-Ka: NRM  0 (Dn): Hargraves Magnetometer is now operating at code Blue  
2017-07-20 17:02:23: TR008-Ka: NRM  0 (Dn): Homed to top but did not hit switch.
2017-07-20 17:02:26: TR008-Ka: NRM  0 (Dn): Hargraves Magnetometer is now operating at code Blue  
2017-08-03 13:11:12: TR008-Ga: TT  450 (Dn): Red
2017-08-04 08:00:02: TR008-Da: TT  475 (Up): Red
2017-08-16 12:34:59: TR008-La: TT  560 (Up): Red
2017-08-16 14:20:43: TR008-Ba: TT  560 (Dn): Red
2017-09-16 15:28:37: TR008-Aa: TT  672 (Dn): Unacceptable slop on up/down motor moving from  -48 to -44526 at speed  60000000.    Target position: -44526  Current position: -5345    Execution has been paused. Please check machine.
2017-09-16 15:29:18: TR008-Aa: TT  672 (Dn): Hargraves Magnetometer is now operating at code Blue  
2017-09-19 12:03:56: TR008-La: TT  674 (Up): Red
2017-09-25 09:58:30: TR008-Aa: TT  680 (Up): Unacceptable slop on up/down motor moving from  -96 to -17274 at speed  30000000.    Target position: -17274  Current position: -5198    Execution has been paused. Please check machine.
2017-09-25 09:58:34: TR008-Aa: TT  680 (Up): Hargraves Magnetometer is now operating at code Blue  
2017-10-01 22:25:37: TR008-Aa: TT  684 (Dn): Error writing backup file c:\Dropbox\Hargraves_Data\Banxi_Group_China\\TR008
2017-10-01 22:25:39: TR008-Aa: TT  684 (Dn): Error writing backup file c:\Dropbox\Hargraves_Data\Banxi_Group_China\\TR008
2017-10-01 22:27:17: TR008-Ba: TT  684 (Dn): Error writing backup file c:\Dropbox\Hargraves_Data\Banxi_Group_China\\TR008
2017-10-01 22:27:19: TR008-Ba: TT  684 (Dn): Error writing backup file c:\Dropbox\Hargraves_Data\Banxi_Group_China\\TR008
2017-10-01 22:28:54: TR008-Ca: TT  684 (Dn): Error writing backup file c:\Dropbox\Hargraves_Data\Banxi_Group_China\\TR008
2017-10-01 22:28:55: TR008-Ca: TT  684 (Dn): Error writing backup file c:\Dropbox\Hargraves_Data\Banxi_Group_China\\TR008
2017-10-01 22:30:27: TR008-Da: TT  684 (Dn): Error writing backup file c:\Dropbox\Hargraves_Data\Banxi_Group_China\\TR008
2017-10-01 22:30:28: TR008-Da: TT  684 (Dn): Error writing backup file c:\Dropbox\Hargraves_Data\Banxi_Group_China\\TR008
2017-10-01 22:32:48: TR008-Ea: TT  684 (Dn): Error writing backup file c:\Dropbox\Hargraves_Data\Banxi_Group_China\\TR008
2017-10-01 22:32:49: TR008-Ea: TT  684 (Dn): Error writing backup file c:\Dropbox\Hargraves_Data\Banxi_Group_China\\TR008
2017-10-01 22:34:24: TR008-Fa: TT  684 (Dn): Error writing backup file c:\Dropbox\Hargraves_Data\Banxi_Group_China\\TR008
2017-10-01 22:34:26: TR008-Fa: TT  684 (Dn): Error writing backup file c:\Dropbox\Hargraves_Data\Banxi_Group_China\\TR008
2017-10-01 22:36:02: TR008-Ga: TT  684 (Dn): Error writing backup file c:\Dropbox\Hargraves_Data\Banxi_Group_China\\TR008
2017-10-01 22:36:04: TR008-Ga: TT  684 (Dn): Error writing backup file c:\Dropbox\Hargraves_Data\Banxi_Group_China\\TR008
2017-10-01 22:37:35: TR008-Ha: TT  684 (Dn): Error writing backup file c:\Dropbox\Hargraves_Data\Banxi_Group_China\\TR008
2017-10-01 22:37:36: TR008-Ha: TT  684 (Dn): Error writing backup file c:\Dropbox\Hargraves_Data\Banxi_Group_China\\TR008
2017-10-01 22:39:07: TR008-Ia: TT  684 (Dn): Error writing backup file c:\Dropbox\Hargraves_Data\Banxi_Group_China\\TR008
2017-10-01 22:39:09: TR008-Ia: TT  684 (Dn): Error writing backup file c:\Dropbox\Hargraves_Data\Banxi_Group_China\\TR008
2017-10-01 22:40:44: TR008-Ja: TT  684 (Dn): Error writing backup file c:\Dropbox\Hargraves_Data\Banxi_Group_China\\TR008
2017-10-01 22:40:45: TR008-Ja: TT  684 (Dn): Error writing backup file c:\Dropbox\Hargraves_Data\Banxi_Group_China\\TR008
2017-10-01 22:45:24: TR008-Ka: TT  684 (Dn): Error writing backup file c:\Dropbox\Hargraves_Data\Banxi_Group_China\\TR008
2017-10-01 22:45:25: TR008-Ka: TT  684 (Dn): Error writing backup file c:\Dropbox\Hargraves_Data\Banxi_Group_China\\TR008
2017-10-01 22:47:02: TR008-La: TT  684 (Dn): Error writing backup file c:\Dropbox\Hargraves_Data\Banxi_Group_China\\TR008
2017-10-01 22:47:04: TR008-La: TT  684 (Dn): Error writing backup file c:\Dropbox\Hargraves_Data\Banxi_Group_China\\TR008
2017-10-01 22:48:37: TR008-Ma: TT  684 (Dn): Error writing backup file c:\Dropbox\Hargraves_Data\Banxi_Group_China\\TR008
2017-10-01 22:48:39: TR008-Ma: TT  684 (Dn): Error writing backup file c:\Dropbox\Hargraves_Data\Banxi_Group_China\\TR008
2017-10-08 19:20:13: TR008-Ba: TT  692 (Dn): Unacceptable slop on turning motor from   .09degrees to  90 degrees.    Target position:  2000  Current position:  81    Execution has been paused. Please check machine.
2017-10-08 19:21:46: TR008-Ba: TT  692 (Dn): Hargraves Magnetometer is now operating at code Blue  
2017-10-08 19:23:52: TR008-Ea: TT  692 (Dn): Unacceptable slop on turning motor from   .09degrees to  90 degrees.    Target position:  2000  Current position:  77    Execution has been paused. Please check machine.
2017-10-08 19:24:02: TR008-Ea: TT  692 (Dn): Hargraves Magnetometer is now operating at code Blue  
2017-10-08 19:27:19: TR008-Ga: TT  692 (Dn): Unacceptable slop on turning motor from   .09degrees to  90 degrees.    Target position:  2000  Current position:  81    Execution has been paused. Please check machine.
2017-10-08 19:27:52: TR008-Ga: TT  692 (Dn): Hargraves Magnetometer is now operating at code Blue  
2017-10-08 19:30:21: TR008-Ha: TT  692 (Dn): Unacceptable slop on turning motor from   .09degrees to  90 degrees.    Target position:  2000  Current position:  83    Execution has been paused. Please check machine.
2017-10-08 19:30:51: TR008-Ha: TT  692 (Dn): Hargraves Magnetometer is now operating at code Blue  
2017-10-08 19:32:45: TR008-Ja: TT  692 (Dn): Unacceptable slop on turning motor from   .09degrees to  90 degrees.    Target position:  2000  Current position:  79    Execution has been paused. Please check machine.
2017-10-08 19:32:51: TR008-Ja: TT  692 (Dn): Hargraves Magnetometer is now operating at code Blue  
