2017-10-13 12:22:45: TR018-Na: : Homed to top but did not hit switch.
2017-10-13 12:30:25: TR018-Na: : Hargraves Magnetometer is now operating at code Blue  
2017-10-15 13:25:40: TR018-Aa: TT  100 (Dn): Error writing backup file c:\Dropbox\Hargraves_Data\Banxi_Group_China\\TR018
2017-10-15 13:25:42: TR018-Aa: TT  100 (Dn): Error writing backup file c:\Dropbox\Hargraves_Data\Banxi_Group_China\\TR018
2017-10-15 13:27:15: TR018-Ba: TT  100 (Dn): Error writing backup file c:\Dropbox\Hargraves_Data\Banxi_Group_China\\TR018
2017-10-15 13:27:16: TR018-Ba: TT  100 (Dn): Error writing backup file c:\Dropbox\Hargraves_Data\Banxi_Group_China\\TR018
2017-10-15 13:28:49: TR018-Ca: TT  100 (Dn): Error writing backup file c:\Dropbox\Hargraves_Data\Banxi_Group_China\\TR018
2017-10-15 13:28:51: TR018-Ca: TT  100 (Dn): Error writing backup file c:\Dropbox\Hargraves_Data\Banxi_Group_China\\TR018
2017-10-15 13:30:23: TR018-Da: TT  100 (Dn): Error writing backup file c:\Dropbox\Hargraves_Data\Banxi_Group_China\\TR018
2017-10-15 13:30:24: TR018-Da: TT  100 (Dn): Error writing backup file c:\Dropbox\Hargraves_Data\Banxi_Group_China\\TR018
2017-10-15 13:32:02: TR018-Ea: TT  100 (Dn): Error writing backup file c:\Dropbox\Hargraves_Data\Banxi_Group_China\\TR018
2017-10-15 13:32:03: TR018-Ea: TT  100 (Dn): Error writing backup file c:\Dropbox\Hargraves_Data\Banxi_Group_China\\TR018
2017-10-15 13:33:42: TR018-Fa: TT  100 (Dn): Error writing backup file c:\Dropbox\Hargraves_Data\Banxi_Group_China\\TR018
2017-10-15 13:33:44: TR018-Fa: TT  100 (Dn): Error writing backup file c:\Dropbox\Hargraves_Data\Banxi_Group_China\\TR018
2017-10-15 13:35:21: TR018-Ga: TT  100 (Dn): Error writing backup file c:\Dropbox\Hargraves_Data\Banxi_Group_China\\TR018
2017-10-15 13:35:23: TR018-Ga: TT  100 (Dn): Error writing backup file c:\Dropbox\Hargraves_Data\Banxi_Group_China\\TR018
2017-10-15 13:36:56: TR018-Ha: TT  100 (Dn): Error writing backup file c:\Dropbox\Hargraves_Data\Banxi_Group_China\\TR018
2017-10-15 13:36:58: TR018-Ha: TT  100 (Dn): Error writing backup file c:\Dropbox\Hargraves_Data\Banxi_Group_China\\TR018
2017-10-15 13:38:28: TR018-Ia: TT  100 (Dn): Error writing backup file c:\Dropbox\Hargraves_Data\Banxi_Group_China\\TR018
2017-10-15 13:38:29: TR018-Ia: TT  100 (Dn): Error writing backup file c:\Dropbox\Hargraves_Data\Banxi_Group_China\\TR018
2017-10-15 13:40:02: TR018-Ja: TT  100 (Dn): Error writing backup file c:\Dropbox\Hargraves_Data\Banxi_Group_China\\TR018
2017-10-15 13:40:04: TR018-Ja: TT  100 (Dn): Error writing backup file c:\Dropbox\Hargraves_Data\Banxi_Group_China\\TR018
2017-10-15 13:44:46: TR018-Ka: TT  100 (Dn): Error writing backup file c:\Dropbox\Hargraves_Data\Banxi_Group_China\\TR018
2017-10-15 13:44:48: TR018-Ka: TT  100 (Dn): Error writing backup file c:\Dropbox\Hargraves_Data\Banxi_Group_China\\TR018
2017-10-15 13:46:24: TR018-La: TT  100 (Dn): Error writing backup file c:\Dropbox\Hargraves_Data\Banxi_Group_China\\TR018
2017-10-15 13:46:25: TR018-La: TT  100 (Dn): Error writing backup file c:\Dropbox\Hargraves_Data\Banxi_Group_China\\TR018
2017-10-15 13:47:57: TR018-Ma: TT  100 (Dn): Error writing backup file c:\Dropbox\Hargraves_Data\Banxi_Group_China\\TR018
2017-10-15 13:47:59: TR018-Ma: TT  100 (Dn): Error writing backup file c:\Dropbox\Hargraves_Data\Banxi_Group_China\\TR018
2017-10-15 13:49:27: TR018-Na: TT  100 (Dn): Error writing backup file c:\Dropbox\Hargraves_Data\Banxi_Group_China\\TR018
2017-10-15 13:49:29: TR018-Na: TT  100 (Dn): Error writing backup file c:\Dropbox\Hargraves_Data\Banxi_Group_China\\TR018
2017-10-15 13:51:01: TR018-Pa: TT  100 (Dn): Error writing backup file c:\Dropbox\Hargraves_Data\Banxi_Group_China\\TR018
2017-10-15 13:51:03: TR018-Pa: TT  100 (Dn): Error writing backup file c:\Dropbox\Hargraves_Data\Banxi_Group_China\\TR018
2017-10-15 13:52:36: TR018-Qa: TT  100 (Dn): Error writing backup file c:\Dropbox\Hargraves_Data\Banxi_Group_China\\TR018
2017-10-15 13:52:37: TR018-Qa: TT  100 (Dn): Error writing backup file c:\Dropbox\Hargraves_Data\Banxi_Group_China\\TR018
2017-10-15 15:23:02: TR018-Aa: TT  100 (Dn): Error writing backup file c:\Dropbox\Hargraves_Data\Banxi_Group_China\\TR018
2017-10-15 15:23:04: TR018-Aa: TT  100 (Dn): Error writing backup file c:\Dropbox\Hargraves_Data\Banxi_Group_China\\TR018
2017-10-15 15:24:39: TR018-Ba: TT  100 (Dn): Error writing backup file c:\Dropbox\Hargraves_Data\Banxi_Group_China\\TR018
2017-10-15 15:24:41: TR018-Ba: TT  100 (Dn): Error writing backup file c:\Dropbox\Hargraves_Data\Banxi_Group_China\\TR018
2017-10-15 15:26:13: TR018-Ca: TT  100 (Dn): Error writing backup file c:\Dropbox\Hargraves_Data\Banxi_Group_China\\TR018
2017-10-15 15:26:15: TR018-Ca: TT  100 (Dn): Error writing backup file c:\Dropbox\Hargraves_Data\Banxi_Group_China\\TR018
2017-10-15 15:27:47: TR018-Da: TT  100 (Dn): Error writing backup file c:\Dropbox\Hargraves_Data\Banxi_Group_China\\TR018
2017-10-15 15:27:49: TR018-Da: TT  100 (Dn): Error writing backup file c:\Dropbox\Hargraves_Data\Banxi_Group_China\\TR018
2017-10-15 15:29:26: TR018-Ea: TT  100 (Dn): Error writing backup file c:\Dropbox\Hargraves_Data\Banxi_Group_China\\TR018
2017-10-15 15:29:28: TR018-Ea: TT  100 (Dn): Error writing backup file c:\Dropbox\Hargraves_Data\Banxi_Group_China\\TR018
2017-10-15 15:31:07: TR018-Fa: TT  100 (Dn): Error writing backup file c:\Dropbox\Hargraves_Data\Banxi_Group_China\\TR018
2017-10-15 15:31:09: TR018-Fa: TT  100 (Dn): Error writing backup file c:\Dropbox\Hargraves_Data\Banxi_Group_China\\TR018
2017-10-15 15:32:46: TR018-Ga: TT  100 (Dn): Error writing backup file c:\Dropbox\Hargraves_Data\Banxi_Group_China\\TR018
2017-10-15 15:32:48: TR018-Ga: TT  100 (Dn): Error writing backup file c:\Dropbox\Hargraves_Data\Banxi_Group_China\\TR018
2017-10-15 15:34:22: TR018-Ha: TT  100 (Dn): Error writing backup file c:\Dropbox\Hargraves_Data\Banxi_Group_China\\TR018
2017-10-15 15:34:24: TR018-Ha: TT  100 (Dn): Error writing backup file c:\Dropbox\Hargraves_Data\Banxi_Group_China\\TR018
2017-10-15 15:35:55: TR018-Ia: TT  100 (Dn): Error writing backup file c:\Dropbox\Hargraves_Data\Banxi_Group_China\\TR018
2017-10-15 15:35:56: TR018-Ia: TT  100 (Dn): Error writing backup file c:\Dropbox\Hargraves_Data\Banxi_Group_China\\TR018
2017-10-15 15:37:31: TR018-Ja: TT  100 (Dn): Error writing backup file c:\Dropbox\Hargraves_Data\Banxi_Group_China\\TR018
2017-10-15 15:37:33: TR018-Ja: TT  100 (Dn): Error writing backup file c:\Dropbox\Hargraves_Data\Banxi_Group_China\\TR018
2017-10-15 15:41:26: TR018-Ka: TT  100 (Dn): Error writing backup file c:\Dropbox\Hargraves_Data\Banxi_Group_China\\TR018
2017-10-15 15:41:27: TR018-Ka: TT  100 (Dn): Error writing backup file c:\Dropbox\Hargraves_Data\Banxi_Group_China\\TR018
2017-10-15 15:43:04: TR018-La: TT  100 (Dn): Error writing backup file c:\Dropbox\Hargraves_Data\Banxi_Group_China\\TR018
2017-10-15 15:43:05: TR018-La: TT  100 (Dn): Error writing backup file c:\Dropbox\Hargraves_Data\Banxi_Group_China\\TR018
2017-10-15 15:44:38: TR018-Ma: TT  100 (Dn): Error writing backup file c:\Dropbox\Hargraves_Data\Banxi_Group_China\\TR018
2017-10-15 15:44:39: TR018-Ma: TT  100 (Dn): Error writing backup file c:\Dropbox\Hargraves_Data\Banxi_Group_China\\TR018
2017-10-15 15:46:08: TR018-Na: TT  100 (Dn): Error writing backup file c:\Dropbox\Hargraves_Data\Banxi_Group_China\\TR018
2017-10-15 15:46:10: TR018-Na: TT  100 (Dn): Error writing backup file c:\Dropbox\Hargraves_Data\Banxi_Group_China\\TR018
2017-10-15 15:47:39: TR018-Pa: TT  100 (Dn): Error writing backup file c:\Dropbox\Hargraves_Data\Banxi_Group_China\\TR018
2017-10-15 15:47:41: TR018-Pa: TT  100 (Dn): Error writing backup file c:\Dropbox\Hargraves_Data\Banxi_Group_China\\TR018
2017-10-15 15:49:14: TR018-Qa: TT  100 (Dn): Error writing backup file c:\Dropbox\Hargraves_Data\Banxi_Group_China\\TR018
2017-10-15 15:49:15: TR018-Qa: TT  100 (Dn): Error writing backup file c:\Dropbox\Hargraves_Data\Banxi_Group_China\\TR018
2017-10-15 22:11:17: TR018-Ka: TT  200 (Up): Unacceptable slop on up/down motor moving from  -48 to -17371 at speed  30000000.    Target position: -17371  Current position: -5413    Execution has been paused. Please check machine.
2017-10-16 07:46:56: TR018-Ka: TT  200 (Up): Hargraves Magnetometer is now operating at code Blue  
2017-10-17 12:53:39: TR018-Ka: TT  350 (Up): Unacceptable slop on up/down motor moving from  -49 to -17362 at speed  30000000.    Target position: -17362  Current position: -5340    Execution has been paused. Please check machine.
2017-10-17 12:54:17: TR018-Ka: TT  350 (Up): Hargraves Magnetometer is now operating at code Blue  
2017-10-17 15:02:24: TR018-Aa: TT  350 (Dn): Unacceptable slop on up/down motor moving from  -97 to -44587 at speed  80000000.    Target position: -44587  Current position: -5607    Execution has been paused. Please check machine.
2017-10-17 15:02:48: TR018-Aa: TT  350 (Dn): Hargraves Magnetometer is now operating at code Blue  
2017-10-20 09:15:24: TR018-Ka: TT  400 (Up): Unacceptable slop on up/down motor moving from  -85 to -17367 at speed  30000000.    Target position: -17367  Current position: -5325    Execution has been paused. Please check machine.
2017-10-20 09:17:50: TR018-Ka: TT  400 (Up): Hargraves Magnetometer is now operating at code Blue  
2017-10-20 09:18:06: TR018-Ka: TT  400 (Up): Homed to top but did not hit switch.
2017-10-20 09:18:09: TR018-Ka: TT  400 (Up): Hargraves Magnetometer is now operating at code Blue  
2017-10-22 13:10:24: TR018-Fa: TT  450 (Up): Red
2017-10-22 15:45:57: TR018-Qa: TT  450 (Dn): Red
2017-10-24 13:58:31: TR018-Qa: TT  500 (Dn): Red
2017-10-24 15:32:02: TR018-Aa: TT  500 (Up): Red
2017-10-24 15:39:39: TR018-Ea: TT  500 (Up): Red
2017-10-24 15:59:24: TR018-Fa: TT  500 (Dn): Red
2017-10-26 11:17:51: TR018-Ka: TT  525 (Up): Unacceptable slop on up/down motor moving from  -44 to -17369 at speed  30000000.    Target position: -17369  Current position: -5436    Execution has been paused. Please check machine.
2017-10-26 11:18:42: TR018-Ka: TT  525 (Up): Hargraves Magnetometer is now operating at code Blue  
2017-10-26 14:06:02: TR018-Ka: TT  525 (Dn): Unacceptable slop on up/down motor moving from  -48 to -44617 at speed  80000000.    Target position: -44617  Current position: -5387    Execution has been paused. Please check machine.
2017-10-26 14:07:19: TR018-Ka: TT  525 (Dn): Hargraves Magnetometer is now operating at code Blue  
2017-10-26 14:07:23: TR018-Ka: TT  525 (Dn): Homed to top but did not hit switch.
2017-10-26 14:07:26: TR018-Ka: TT  525 (Dn): Hargraves Magnetometer is now operating at code Blue  
2017-11-03 16:55:17: TR018-Ka: TT  565 (Up): Unacceptable slop on up/down motor moving from  -41 to -17064 at speed  30000000.    Target position: -17064  Current position: -4896    Execution has been paused. Please check machine.
2017-11-03 16:56:25: TR018-Ka: TT  565 (Up): Hargraves Magnetometer is now operating at code Blue  
2017-11-03 16:57:01: TR018-Ka: TT  565 (Up): Homed to top but did not hit switch.
2017-11-03 16:57:09: TR018-Ka: TT  565 (Up): Hargraves Magnetometer is now operating at code Blue  
2017-11-14 10:55:42: TR018-Ca: TT  580 (Dn): Red
2017-11-14 17:53:44: TR018-Ka: TT  600 (Up): Unacceptable slop on up/down motor moving from  -31 to -17059 at speed  30000000.    Target position: -17059  Current position: -4743    Execution has been paused. Please check machine.
2017-11-14 17:54:07: TR018-Ka: TT  600 (Up): Hargraves Magnetometer is now operating at code Blue  
2017-11-14 17:54:26: TR018-Ka: TT  600 (Up): Homed to top but did not hit switch.
2017-11-14 17:54:38: TR018-Ka: TT  600 (Up): Hargraves Magnetometer is now operating at code Blue  
2017-11-28 16:13:24: TR018-Qa: TT  650 (Dn): Red
2017-12-11 10:44:03: TR018-Aa: TT  655 (Up): Red
2017-12-11 13:15:10: TR018-Qa: TT  655 (Dn): Red
2017-12-12 12:54:24: TR018-Qa: TT  660 (Dn): Red
2018-01-08 12:29:18: TR018-Qa: TT  665 (Dn): Red
