2018-05-11 16:04:06: TR030-La: NRM  0 (Up): Red
2018-05-11 16:09:07: TR030-Pa: NRM  0 (Up): Red
2018-05-11 17:48:54: TR030-Ia: NRM  0 (Dn): Red
2018-05-14 14:50:26: TR030-Pa: TT  100 (Up): Red
2018-05-14 16:22:02: TR030-Ua: TT  100 (Dn): Red
2018-05-15 12:52:15: TR030-Pa: TT  200 (Up): Red
2018-05-15 16:20:46: TR030-Ia: TT  200 (Dn): Red
2018-05-15 16:30:08: TR030-Na: TT  200 (Dn): Red
2018-05-15 16:39:28: TR030-Ua: TT  200 (Dn): Red
2018-05-16 13:50:46: TR030-Sa: TT  300 (Dn): Red
2018-05-16 13:54:26: TR030-Ua: TT  300 (Dn): Red
2018-07-30 16:47:54: TR030-Sa: TT  475 (Dn): Red
2018-07-30 16:51:49: TR030-Ua: TT  475 (Dn): Red
2018-07-31 11:36:31: TR030-Pa: TT  500 (Up): Red
2018-07-31 13:06:14: TR030-Na: TT  500 (Dn): Red
2018-07-31 13:16:09: TR030-Ua: TT  500 (Dn): Red
2018-07-31 18:18:30: TR030-Pa: TT  525 (Up): Red
2018-08-01 10:58:56: TR030-Ia: TT  525 (Dn): Red
2018-08-01 11:09:06: TR030-Na: TT  525 (Dn): Red
2018-08-01 11:16:09: TR030-Sa: TT  525 (Dn): Red
2018-08-01 11:20:02: TR030-Ua: TT  525 (Dn): Red
2018-08-01 16:35:46: TR030-Pa: TT  550 (Up): Red
2018-08-01 17:55:10: TR030-Ia: TT  550 (Dn): Red
2018-08-01 18:05:07: TR030-Na: TT  550 (Dn): Red
2018-08-01 18:11:59: TR030-Sa: TT  550 (Dn): Red
2018-08-01 19:27:37: TR030-Na: TT  550 (Dn): Red
2018-08-01 19:37:35: TR030-Ua: TT  550 (Dn): Red
2018-08-01 20:53:18: TR030-Na: TT  550 (Up): Red
2018-08-01 21:03:29: TR030-Ua: TT  550 (Up): Red
2018-08-02 13:30:14: TR030-Pa: TT  555 (Up): Red
2018-08-03 11:32:26: TR030-Sa: TT  555 (Dn): Red
2018-08-03 11:36:21: TR030-Ua: TT  555 (Dn): Red
2018-08-03 16:53:19: TR030-Pa: TT  560 (Up): Red
2018-08-03 18:12:54: TR030-Ia: TT  560 (Dn): Red
2018-08-03 18:29:08: TR030-Sa: TT  560 (Dn): Red
2018-08-03 18:32:56: TR030-Ua: TT  560 (Dn): Red
2018-08-13 16:29:50: TR030-Ia: TT  565 (Dn): Red
2018-08-13 16:45:56: TR030-Sa: TT  565 (Dn): Red
2018-08-14 11:57:40: TR030-La: TT  570 (Up): Red
2018-08-14 13:21:56: TR030-Ia: TT  570 (Dn): Red
2018-08-14 13:32:02: TR030-Na: TT  570 (Dn): Red
2018-08-14 13:42:05: TR030-Ua: TT  570 (Dn): Red
2018-08-14 18:38:06: TR030-Pa: TT  575 (Up): Red
2018-08-15 09:43:11: TR030-Ia: TT  575 (Dn): Red
2018-08-15 09:53:07: TR030-Na: TT  575 (Dn): Red
2018-08-15 10:00:23: TR030-Sa: TT  575 (Dn): Red
2018-08-15 10:04:13: TR030-Ua: TT  575 (Dn): Red
2018-08-15 15:16:23: TR030-La: TT  580 (Up): Red
2018-08-15 15:21:47: TR030-Pa: TT  580 (Up): Red
2018-08-15 16:52:54: TR030-Ia: TT  580 (Dn): Red
2018-08-16 11:39:54: TR030-La: TT  600 (Up): Red
2018-08-16 13:26:41: TR030-Ua: TT  600 (Dn): Red
2018-09-10 10:18:21: TR030-Pa: TT  640 (Up): Red
2018-09-10 11:55:12: TR030-Ua: TT  640 (Dn): Red
2018-09-11 12:10:16: TR030-La: TT  645 (Up): Red
2018-09-11 13:33:23: TR030-Ia: TT  645 (Dn): Red
2018-09-12 12:13:25: TR030-Pa: TT  650 (Up): Red
2018-09-12 13:50:54: TR030-Ua: TT  650 (Dn): Red
2018-09-12 13:54:10: TR030-Xa: TT  650 (Dn): Unacceptable slop on up/down motor moving from  -33 to -44451 at speed  80000000.    Target position: -44451  Current position: -36193    Execution has been paused. Please check machine.
2018-09-12 13:54:29: TR030-Xa: TT  650 (Dn): Hargraves Magnetometer is now operating at code Blue  
2018-09-12 13:55:00: TR030-Xa: TT  650 (Dn): Homed to top but did not hit switch.
2018-09-12 13:55:03: TR030-Xa: TT  650 (Dn): Hargraves Magnetometer is now operating at code Blue  
2018-09-12 15:09:08: TR030-Ia: TT  650 (Dn): Red
2018-09-12 15:17:24: TR030-Ua: TT  650 (Dn): Red
2018-09-20 12:28:12: TR030-La: TT  655 (Up): Red
2018-09-20 12:44:31: TR030-Xa: TT  655 (Up): Unacceptable slop on up/down motor moving from  -33 to -44457 at speed  80000000.    Target position: -44457  Current position: -5440    Execution has been paused. Please check machine.
2018-09-20 12:47:46: TR030-Xa: TT  655 (Up): Hargraves Magnetometer is now operating at code Blue  
2018-09-20 12:47:57: TR030-Xa: TT  655 (Up): Homed to top but did not hit switch.
2018-09-20 12:47:59: TR030-Xa: TT  655 (Up): Hargraves Magnetometer is now operating at code Blue  
2018-09-20 13:42:02: TR030-Aa: TT  655 (Dn): Unacceptable slop on up/down motor moving from  -33 to -44510 at speed  80000000.    Target position: -44510  Current position: -5537    Execution has been paused. Please check machine.
2018-09-20 13:42:15: TR030-Aa: TT  655 (Dn): Hargraves Magnetometer is now operating at code Blue  
2018-09-20 13:47:29: TR030-Ca: TT  655 (Dn): Red
2018-09-20 13:52:47: TR030-Fa: TT  655 (Dn): Red
2018-09-20 13:58:01: TR030-Ia: TT  655 (Dn): Red
2018-09-20 14:03:10: TR030-Ka: TT  655 (Dn): Unacceptable slop on up/down motor moving from  -33 to -44472 at speed  80000000.    Target position: -44472  Current position: -5498    Execution has been paused. Please check machine.
2018-09-20 14:03:24: TR030-Ka: TT  655 (Dn): Hargraves Magnetometer is now operating at code Blue  
2018-09-20 14:04:57: TR030-Ka: TT  655 (Dn): Red
2018-09-20 14:15:54: TR030-Sa: TT  655 (Dn): Red
2018-09-20 14:21:41: TR030-Xa: TT  655 (Dn): Unacceptable slop on up/down motor moving from  -34 to -44460 at speed  80000000.    Target position: -44460  Current position: -5452    Execution has been paused. Please check machine.
2018-09-20 14:22:00: TR030-Xa: TT  655 (Dn): Hargraves Magnetometer is now operating at code Blue  
2018-09-20 14:22:08: TR030-Xa: TT  655 (Dn): Homed to top but did not hit switch.
2018-09-20 14:22:10: TR030-Xa: TT  655 (Dn): Hargraves Magnetometer is now operating at code Blue  
2018-09-24 13:48:23: TR030-Ia: TT  665 (Dn): Red
2018-09-25 18:10:29: TR030-Pa: TT  672 (Up): Red
2018-09-26 14:33:07: TR030-Da: TT  674 (Up): Red
2018-09-26 14:50:28: TR030-Ma: TT  674 (Up): Red
