2018-05-11 13:45:15: TR040-La: NRM  0 (Up): Red
2018-05-11 15:12:19: TR040-Fa: NRM  0 (Dn): Red
2018-05-11 15:23:23: TR040-Na: NRM  0 (Dn): Red
2018-05-14 10:55:18: TR040-La: TT  100 (Up): Red
2018-05-14 18:48:28: TR040-Ua: TT  200 (Up): Red
2018-05-15 11:52:33: TR040-Fa: TT  200 (Dn): Red
2018-05-15 12:00:33: TR040-Ja: TT  200 (Dn): Red
2018-05-16 10:38:34: TR040-Na: TT  300 (Dn): Red
2018-05-16 17:00:18: TR040-Ua: TT  350 (Up): Red
2018-05-18 11:19:29: TR040-Fa: TT  400 (Dn): Red
2018-05-18 11:30:39: TR040-Na: TT  400 (Dn): Red
2018-05-18 17:37:59: TR040-Fa: TT  450 (Dn): Red
2018-07-31 10:43:34: TR040-Ja: TT  500 (Dn): Red
2018-07-31 15:36:28: TR040-Ga: TT  525 (Up): Red
2018-07-31 15:43:09: TR040-La: TT  525 (Up): Red
2018-07-31 15:56:18: TR040-Ua: TT  525 (Up): Red
2018-07-31 17:18:33: TR040-Fa: TT  525 (Dn): Red
2018-07-31 17:25:19: TR040-Ja: TT  525 (Dn): Red
2018-08-01 13:37:34: TR040-Da: TT  550 (Up): Red
2018-08-01 14:03:36: TR040-Ua: TT  550 (Up): Red
2018-08-01 15:28:42: TR040-Ja: TT  550 (Dn): Red
2018-08-01 15:33:49: TR040-Na: TT  550 (Dn): Red
2018-08-02 11:12:34: TR040-Ua: TT  555 (Up): Red
2018-08-02 12:31:42: TR040-Fa: TT  555 (Dn): Red
2018-08-02 12:38:20: TR040-Ja: TT  555 (Dn): Red
2018-08-03 14:07:09: TR040-La: TT  560 (Up): Red
2018-08-03 14:20:20: TR040-Ua: TT  560 (Up): Red
2018-08-03 15:41:45: TR040-Fa: TT  560 (Dn): Red
2018-08-03 15:48:36: TR040-Ja: TT  560 (Dn): Red
2018-08-03 15:53:37: TR040-Na: TT  560 (Dn): Red
2018-08-13 11:24:32: TR040-Ua: TT  565 (Up): Red
2018-08-13 14:00:10: TR040-Fa: TT  565 (Dn): Red
2018-08-13 14:07:38: TR040-Ja: TT  565 (Dn): Red
2018-08-13 14:12:48: TR040-Na: TT  565 (Dn): Red
2018-08-13 19:17:23: TR040-La: TT  570 (Up): Red
2018-08-14 11:01:13: TR040-Na: TT  570 (Dn): Red
2018-08-14 17:42:12: TR040-Ha: TT  575 (Dn): Red
2018-08-14 17:48:48: TR040-Na: TT  575 (Dn): Red
2018-08-15 12:50:46: TR040-Ua: TT  580 (Up): Red
2018-08-15 14:15:10: TR040-Fa: TT  580 (Dn): Red
2018-08-15 14:20:30: TR040-Ha: TT  580 (Dn): Red
2018-08-15 19:52:28: TR040-Ua: TT  600 (Up): Red
2018-08-16 10:40:14: TR040-Fa: TT  600 (Dn): Red
2018-08-16 10:45:24: TR040-Ha: TT  600 (Dn): Red
2018-08-16 10:51:57: TR040-Na: TT  600 (Dn): Red
2018-08-16 16:03:25: TR040-Ua: TT  620 (Up): Red
2018-08-16 17:44:11: TR040-Na: TT  620 (Dn): Red
2018-08-28 15:26:32: TR040-Da: TT  640 (Up): Red
2018-08-28 15:40:17: TR040-La: TT  640 (Up): Red
2018-08-28 17:20:59: TR040-Ha: TT  640 (Dn): Red
2018-09-10 14:47:37: TR040-Ua: TT  645 (Up): Red
2018-09-10 16:13:16: TR040-Ha: TT  645 (Dn): Red
2018-09-11 16:09:13: TR040-Da: TT  650 (Up): Red
2018-09-11 16:22:46: TR040-La: TT  650 (Up): Red
2018-09-11 18:05:12: TR040-Ha: TT  650 (Dn): Red
2018-09-12 10:21:17: TR040-Sa: TT  650 (Dn): Red
2018-09-12 17:14:52: TR040-Ua: TT  655 (Up): Red
2018-09-20 17:59:51: TR040-Ga: TT  660 (Dn): Unacceptable slop on up/down motor moving from  -32 to -44495 at speed  80000000.    Target position: -44495  Current position: -5542    Execution has been paused. Please check machine.
2018-09-20 18:00:30: TR040-Ga: TT  660 (Dn): Hargraves Magnetometer is now operating at code Blue  
2018-09-21 14:13:12: TR040-Ua: TT  665 (Up): Red
2018-09-21 16:38:05: TR040-Ga: TT  665 (Dn): Unacceptable slop on up/down motor moving from  -32 to -44491 at speed  80000000.    Target position: -44491  Current position: -5572    Execution has been paused. Please check machine.
2018-09-21 16:39:34: TR040-Ga: TT  665 (Dn): Hargraves Magnetometer is now operating at code Blue  
2018-09-24 16:21:42: TR040-La: TT  670 (Up): Unacceptable slop on up/down motor moving from  -28 to -44418 at speed  80000000.    Target position: -44418  Current position: -5323    Execution has been paused. Please check machine.
2018-09-24 16:22:00: TR040-La: TT  670 (Up): Hargraves Magnetometer is now operating at code Blue  
2018-09-24 16:22:16: TR040-La: TT  670 (Up): Homed to top but did not hit switch.
2018-09-24 16:22:19: TR040-La: TT  670 (Up): Hargraves Magnetometer is now operating at code Blue  
2018-09-24 17:53:15: TR040-Ha: TT  670 (Dn): Red
2018-09-25 16:25:42: TR040-Na: TT  672 (Dn): Red
2018-09-26 10:58:01: TR040-Ua: TT  674 (Up): Red
2018-09-26 12:39:36: TR040-Ha: TT  674 (Dn): Red
2018-09-26 12:45:44: TR040-Na: TT  674 (Dn): Unacceptable slop on up/down motor moving from  -28 to -44417 at speed  80000000.    Target position: -44417  Current position: -5402    Execution has been paused. Please check machine.
2018-09-26 12:45:54: TR040-Na: TT  674 (Dn): Hargraves Magnetometer is now operating at code Blue  
2018-09-26 12:46:23: TR040-Na: TT  674 (Dn): Homed to top but did not hit switch.
2018-09-26 12:46:41: TR040-Na: TT  674 (Dn): Hargraves Magnetometer is now operating at code Blue  
2018-10-11 18:53:24: TR040-Na: TT  684 (Up): Unacceptable slop on up/down motor moving from  -29 to -44549 at speed  80000000.    Target position: -44549  Current position: -5666    Execution has been paused. Please check machine.
2018-10-12 08:59:14: TR040-Na: TT  684 (Up): Hargraves Magnetometer is now operating at code Blue  
2018-10-12 10:35:20: TR040-Na: TT  684 (Dn): Unacceptable slop on up/down motor moving from  -27 to -44553 at speed  80000000.    Target position: -44553  Current position: -5775    Execution has been paused. Please check machine.
2018-10-12 10:35:36: TR040-Na: TT  684 (Dn): Hargraves Magnetometer is now operating at code Blue  
2018-10-12 10:35:42: TR040-Na: TT  684 (Dn): Homed to top but did not hit switch.
2018-10-12 10:35:45: TR040-Na: TT  684 (Dn): Hargraves Magnetometer is now operating at code Blue  
2018-10-12 16:58:51: TR040-Ea: TT  686 (Up): Unacceptable slop on up/down motor moving from  -27 to -44545 at speed  80000000.    Target position: -44545  Current position: -28435    Execution has been paused. Please check machine.
2018-10-12 16:59:16: TR040-Ea: TT  686 (Up): Hargraves Magnetometer is now operating at code Blue  
2018-10-12 16:59:20: TR040-Ea: TT  686 (Up): Homed to top but did not hit switch.
2018-10-12 16:59:23: TR040-Ea: TT  686 (Up): Hargraves Magnetometer is now operating at code Blue  
2018-10-12 16:59:48: TR040-Ea: TT  686 (Up): Homed to top but did not hit switch.
2018-10-12 16:59:51: TR040-Ea: TT  686 (Up): Hargraves Magnetometer is now operating at code Blue  
2018-10-12 18:47:16: TR040-Na: TT  686 (Dn): Unacceptable slop on up/down motor moving from  -28 to -44533 at speed  80000000.    Target position: -44533  Current position: -5740    Execution has been paused. Please check machine.
2018-10-12 18:57:19: TR040-Na: TT  686 (Dn): Hargraves Magnetometer is now operating at code Blue  
2018-10-19 18:09:05: TR040-Na: TT  688 (Dn): Unacceptable slop on up/down motor moving from  -32 to -44625 at speed  80000000.    Target position: -44625  Current position: -5662    Execution has been paused. Please check machine.
2018-10-19 18:09:19: TR040-Na: TT  688 (Dn): Hargraves Magnetometer is now operating at code Blue  
2018-10-20 15:44:33: TR040-La: TT  690 (Up): Unacceptable slop on up/down motor moving from  -32 to -44648 at speed  80000000.    Target position: -44648  Current position: -5631    Execution has been paused. Please check machine.
2018-10-20 15:44:53: TR040-La: TT  690 (Up): Hargraves Magnetometer is now operating at code Blue  
2018-10-20 15:45:04: TR040-La: TT  690 (Up): Homed to top but did not hit switch.
2018-10-20 15:45:06: TR040-La: TT  690 (Up): Hargraves Magnetometer is now operating at code Blue  
2018-10-20 15:45:11: TR040-La: TT  690 (Up): Homed to top but did not hit switch.
2018-10-20 15:45:28: TR040-La: TT  690 (Up): Hargraves Magnetometer is now operating at code Blue  
2018-10-20 17:16:42: TR040-Ga: TT  690 (Dn): Unacceptable slop on up/down motor moving from  -36 to -44674 at speed  80000000.    Target position: -44674  Current position: -5883    Execution has been paused. Please check machine.
2018-10-20 17:16:55: TR040-Ga: TT  690 (Dn): Hargraves Magnetometer is now operating at code Blue  
2018-10-20 17:17:23: TR040-Ga: TT  690 (Dn): Homed to top but did not hit switch.
2018-10-20 17:17:49: TR040-Ga: TT  690 (Dn): Hargraves Magnetometer is now operating at code Blue  
