2017-10-15 20:41:42: TR042-Ja: TT  100 (Dn): Unacceptable slop on up/down motor moving from  -48 to -44574 at speed  80000000.    Target position: -44574  Current position: -5548    Execution has been paused. Please check machine.
2017-10-15 20:41:59: TR042-Ja: TT  100 (Dn): Hargraves Magnetometer is now operating at code Blue  
2017-10-15 20:43:51: TR042-Ja: TT  100 (Dn): Red
2017-10-15 20:44:13: TR042-Ja: TT  100 (Dn): Unacceptable slop on turning motor from  -.045degrees to  90 degrees.    Target position:  2000  Current position:  89    Execution has been paused. Please check machine.
2017-10-15 20:44:33: TR042-Ja: TT  100 (Dn): Hargraves Magnetometer is now operating at code Blue  
2017-10-15 20:45:14: TR042-Ja: TT  100 (Dn): Unacceptable slop on turning motor from  -.09degrees to  90 degrees.    Target position:  2000  Current position:  93    Execution has been paused. Please check machine.
2017-10-15 20:45:57: TR042-Ja: TT  100 (Dn): Hargraves Magnetometer is now operating at code Blue  
2017-10-16 14:50:32: TR042-Fa: TT  200 (Dn): Red
2017-10-16 14:54:00: TR042-Ha: TT  200 (Dn): Red
2017-10-17 18:23:28: TR042-Ga: TT  350 (Up): Unacceptable slop on up/down motor moving from  -49 to -17158 at speed  30000000.    Target position: -17158  Current position: -4937    Execution has been paused. Please check machine.
2017-10-17 18:31:36: TR042-Ga: TT  350 (Up): Hargraves Magnetometer is now operating at code Blue  
2017-10-20 15:10:49: TR042-Ca: TT  400 (Up): Red
2017-10-20 15:16:26: TR042-Ga: TT  400 (Up): Unacceptable slop on up/down motor moving from  -87 to -17160 at speed  30000000.    Target position: -17160  Current position: -4919    Execution has been paused. Please check machine.
2017-10-20 15:16:48: TR042-Ga: TT  400 (Up): Hargraves Magnetometer is now operating at code Blue  
2017-10-24 17:46:28: TR042-Ca: TT  500 (Up): Red
2017-10-26 17:14:58: TR042-Ca: TT  525 (Up): Red
2017-10-26 17:18:36: TR042-Ea: TT  525 (Up): Red
2017-10-26 17:19:58: TR042-Fa: TT  525 (Up): Unacceptable slop on up/down motor moving from  -48 to -17347 at speed  30000000.    Target position: -17347  Current position: -5276    Execution has been paused. Please check machine.
2017-10-26 17:20:13: TR042-Fa: TT  525 (Up): Hargraves Magnetometer is now operating at code Blue  
2017-10-26 17:34:41: TR042-Pa: TT  525 (Up): Red
2017-10-26 19:37:31: TR042-Ha: TT  525 (Dn): Red
2017-10-26 19:41:14: TR042-Ja: TT  525 (Dn): Red
2017-10-26 19:49:24: TR042-Ta: TT  525 (Dn): Red
2017-10-27 14:21:14: TR042-Ga: TT  550 (Up): Unacceptable slop on up/down motor moving from  -48 to -17168 at speed  30000000.    Target position: -17168  Current position: -4924    Execution has been paused. Please check machine.
2017-10-27 14:21:38: TR042-Ga: TT  550 (Up): Hargraves Magnetometer is now operating at code Blue  
2017-10-27 17:35:02: TR042-Ja: TT  550 (Dn): Red
2017-11-14 16:55:12: TR042-Ta: TT  580 (Dn): Red
2017-11-17 16:07:51: TR042-Ta: TT  600 (Dn): Red
2017-11-19 13:05:42: TR042-Pa: TT  620 (Up): Red
2017-11-27 11:37:51: TR042-Pa: TT  640 (Up): Red
2017-12-12 17:20:22: TR042-Ca: TT  660 (Up): Red
2017-12-12 17:23:57: TR042-Ea: TT  660 (Up): Red
2017-12-12 17:28:55: TR042-Ha: TT  660 (Up): Red
2017-12-12 17:28:56: TR042-Ha: TT  660 (Up): Red
2017-12-12 17:40:21: TR042-Pa: TT  660 (Up): Red
2018-01-08 18:32:01: TR042-Ta: TT  665 (Dn): Red
2018-01-10 20:50:02: TR042-Pa: TT  670 (Up): Red
2018-01-11 18:55:57: TR042-Ca: TT  672 (Up): Red
2018-01-11 19:03:50: TR042-Ha: TT  672 (Up): Red
2018-01-16 15:23:14: TR042-Ja: TT  674 (Up): Red
2018-01-17 15:18:03: TR042-Ja: TT  676 (Up): Red
2018-01-24 14:11:03: TR042-Ea: TT  678 (Dn): Red
2018-02-26 12:14:15: TR042-Ga: TT  688 (Dn): Unacceptable slop on up/down motor moving from  -43 to -44229 at speed  80000000.    Target position: -44229  Current position: -4867    Execution has been paused. Please check machine.
2018-02-26 12:16:21: TR042-Ga: TT  688 (Dn): Hargraves Magnetometer is now operating at code Blue  
2018-02-26 14:43:27: TR042-Ga: TT  688 (Dn): Unacceptable slop on up/down motor moving from  -44 to -44229 at speed  80000000.    Target position: -44229  Current position: -4845    Execution has been paused. Please check machine.
2018-02-26 14:48:57: TR042-Ga: TT  688 (Dn): Hargraves Magnetometer is now operating at code Blue  
2018-02-26 14:49:06: TR042-Ga: TT  688 (Dn): Homed to top but did not hit switch.
2018-02-26 14:49:09: TR042-Ga: TT  688 (Dn): Hargraves Magnetometer is now operating at code Blue  
