2018-05-11 12:24:13: TR016-Da: NRM  0 (Up): Red
2018-05-11 12:29:55: TR016-Ia: NRM  0 (Up): Red
2018-05-14 09:45:53: TR016-Da: TT  100 (Up): Red
2018-05-14 12:58:11: TR016-Da: TT  100 (Dn): Red
2018-05-14 17:28:55: TR016-Da: TT  200 (Up): Red
2018-05-15 18:04:09: TR016-Da: TT  300 (Up): Red
2018-05-15 18:08:04: TR016-Fa: TT  300 (Up): Red
2018-05-15 18:10:21: TR016-Ia: TT  300 (Up): Red
2018-05-16 15:43:45: TR016-Ia: TT  350 (Up): Red
2018-07-30 17:58:16: TR016-Da: TT  500 (Up): Red
2018-07-30 18:04:02: TR016-Ia: TT  500 (Up): Red
2018-07-31 09:33:40: TR016-Da: TT  500 (Dn): Red
2018-07-31 14:28:16: TR016-Da: TT  525 (Up): Red
2018-07-31 16:13:26: TR016-Ba: TT  525 (Dn): Red
2018-08-01 12:36:15: TR016-Da: TT  550 (Up): Red
2018-08-01 12:42:10: TR016-Ia: TT  550 (Up): Red
2018-08-02 09:40:28: TR016-Aa: TT  555 (Up): Red
2018-08-03 12:48:33: TR016-Ba: TT  560 (Up): Red
2018-08-03 12:52:37: TR016-Da: TT  560 (Up): Red
2018-08-13 17:58:32: TR016-Da: TT  570 (Up): Red
2018-08-13 18:02:39: TR016-Fa: TT  570 (Up): Red
2018-08-14 14:49:34: TR016-Da: TT  575 (Up): Red
2018-08-14 14:53:42: TR016-Fa: TT  575 (Up): Red
2018-08-15 11:17:54: TR016-Da: TT  580 (Up): Red
2018-08-15 11:17:55: TR016-Da: TT  580 (Up): Red
2018-08-15 18:18:26: TR016-Da: TT  600 (Up): Red
2018-08-15 18:22:33: TR016-Fa: TT  600 (Up): Red
2018-08-17 12:48:49: TR016-Da: TT  630 (Up): Red
2018-08-28 14:23:13: TR016-Ba: : Homed to top but did not hit switch.
2018-08-28 14:23:34: TR016-Ba: : Hargraves Magnetometer is now operating at code Blue  
2018-09-10 13:22:34: TR016-Da: TT  645 (Up): Red
2018-09-12 15:54:24: TR016-Da: TT  655 (Up): Red
