2017-07-20 10:10:45: TR006-Sa: NRM  0 (Up): Red
2017-07-20 11:51:33: TR006-Aa: NRM  0 (Dn): Unacceptable slop on up/down motor moving from  -42 to -44301 at speed  60000000.    Target position: -44301  Current position: -5162    Execution has been paused. Please check machine.
2017-07-20 11:53:18: TR006-Aa: NRM  0 (Dn): Hargraves Magnetometer is now operating at code Blue  
2017-07-20 11:57:49: TR006-Ba: : Homed to top but did not hit switch.
2017-07-20 11:58:02: TR006-Ba: : Hargraves Magnetometer is now operating at code Blue  
2017-07-20 11:58:32: TR006-Ba: NRM  0 (Dn): Homed to top but did not hit switch.
2017-07-20 11:58:36: TR006-Ba: NRM  0 (Dn): Hargraves Magnetometer is now operating at code Blue  
2017-07-20 11:59:22: TR006-Ba: NRM  0 (Dn): Unacceptable slop on up/down motor moving from  -45002 to -90617 at speed  30000000.    Target position: -90617  Current position: -64426    Execution has been paused. Please check machine.
2017-07-20 11:59:37: TR006-Ba: NRM  0 (Dn): Hargraves Magnetometer is now operating at code Blue  
2017-07-20 12:03:08: TR006-Ba: NRM  0 (Dn): Unacceptable slop on turning motor from   .045degrees to  360 degrees.    Target position:  8000  Current position:  54    Execution has been paused. Please check machine.
2017-07-20 12:03:36: TR006-Ba: NRM  0 (Dn): Hargraves Magnetometer is now operating at code Blue  
2017-07-21 13:36:49: TR006-Na: TT  100 (Dn): Red
2017-07-21 19:11:54: TR006-Ma: TT  200 (Up): Red
2017-08-03 16:01:57: TR006-Xa: TT  475 (Up): Red
2017-08-04 14:00:59: TR006-Na: TT  500 (Dn): Red
2017-08-04 14:17:33: TR006-Za: TT  500 (Dn): Red
2017-08-16 09:29:26: TR006-Ma: TT  560 (Up): Red
2017-08-16 09:29:28: TR006-Ma: TT  560 (Up): Red
2017-08-16 11:32:39: TR006-Na: TT  560 (Dn): Red
2017-08-16 17:47:12: TR006-Ma: TT  565 (Up): Red
2017-08-17 14:32:28: TR006-Ma: TT  570 (Up): Red
2017-08-17 14:42:34: TR006-Sa: TT  570 (Up): Red
2017-08-17 14:47:04: TR006-Ua: TT  570 (Up): Red
2017-08-18 12:15:43: TR006-Na: TT  575 (Dn): Red
2017-08-18 20:00:08: TR006-Ha: TT  580 (Up): Red
2017-08-24 13:21:19: TR006-Za: TT  640 (Dn): Red
2017-09-01 18:39:54: TR006-Ha: TT  660 (Up): Red
2017-09-01 18:51:46: TR006-Ma: TT  660 (Up): Red
2017-09-05 07:46:20: TR006-Aa: TT  660 (Up): Yellow
2017-09-05 07:48:54: TR006-Ba: TT  660 (Up): Yellow
2017-09-05 07:49:44: TR006-Ba: TT  660 (Up): Yellow
2017-09-05 07:50:34: TR006-Ba: TT  660 (Up): Red
2017-09-15 13:00:21: TR006-Ra: TT  672 (Dn): Unacceptable slop on up/down motor moving from  -96 to -44509 at speed  60000000.    Target position: -44509  Current position: -5212    Execution has been paused. Please check machine.
2017-09-15 13:07:42: TR006-Ra: TT  672 (Dn): Hargraves Magnetometer is now operating at code Blue  
2017-09-15 13:09:42: TR006-Sa: TT  672 (Dn): Unacceptable slop on up/down motor moving from  -96 to -44514 at speed  60000000.    Target position: -44514  Current position: -5188    Execution has been paused. Please check machine.
2017-09-15 13:10:27: TR006-Sa: TT  672 (Dn): Hargraves Magnetometer is now operating at code Blue  
2017-09-15 13:12:10: TR006-Ta: TT  672 (Dn): Unacceptable slop on up/down motor moving from  -95 to -44496 at speed  60000000.    Target position: -44496  Current position: -5147    Execution has been paused. Please check machine.
2017-09-15 13:12:33: TR006-Ta: TT  672 (Dn): Hargraves Magnetometer is now operating at code Blue  
2017-09-16 18:04:59: TR006-Sa: TT  674 (Up): Unacceptable slop on up/down motor moving from  -45 to -17269 at speed  30000000.    Target position: -17269  Current position: -5094    Execution has been paused. Please check machine.
2017-09-16 18:05:13: TR006-Sa: TT  674 (Up): Hargraves Magnetometer is now operating at code Blue  
2017-09-19 19:42:34: TR006-Ha: TT  676 (Up): Red
2017-09-19 22:14:20: TR006-Ta: TT  676 (Dn): Red
2017-09-19 22:27:47: TR006-Za: TT  676 (Dn): Red
2017-09-22 23:09:39: TR006-Va: TT  678 (Dn): Unacceptable slop on up/down motor moving from  -101 to -44517 at speed  60000000.    Target position: -44517  Current position: -5228    Execution has been paused. Please check machine.
2017-09-23 14:21:06: TR006-Va: TT  678 (Dn): Hargraves Magnetometer is now operating at code Blue  
2017-09-26 14:34:28: TR006-Va: TT  682 (Dn): Unacceptable slop on up/down motor moving from  -101 to -44523 at speed  60000000.    Target position: -44523  Current position: -5263    Execution has been paused. Please check machine.
2017-09-26 14:34:55: TR006-Va: TT  682 (Dn): Hargraves Magnetometer is now operating at code Blue  
2017-09-26 15:26:04: TR006-Da: TT  682 (Up): Unacceptable slop on up/down motor moving from  -101 to -17275 at speed  30000000.    Target position: -17275  Current position: -5126    Execution has been paused. Please check machine.
2017-09-26 15:26:26: TR006-Da: TT  682 (Up): Hargraves Magnetometer is now operating at code Blue  
2017-10-06 08:15:59: TR006-Aa: TT  690 (Dn): Error writing backup file c:\Dropbox\Hargraves_Data\Banxi_Group_China\\TR006
2017-10-06 08:16:01: TR006-Aa: TT  690 (Dn): Error writing backup file c:\Dropbox\Hargraves_Data\Banxi_Group_China\\TR006
2017-10-06 08:17:39: TR006-Ba: TT  690 (Dn): Error writing backup file c:\Dropbox\Hargraves_Data\Banxi_Group_China\\TR006
2017-10-06 08:17:41: TR006-Ba: TT  690 (Dn): Error writing backup file c:\Dropbox\Hargraves_Data\Banxi_Group_China\\TR006
2017-10-06 08:19:14: TR006-Ca: TT  690 (Dn): Error writing backup file c:\Dropbox\Hargraves_Data\Banxi_Group_China\\TR006
2017-10-06 08:19:16: TR006-Ca: TT  690 (Dn): Error writing backup file c:\Dropbox\Hargraves_Data\Banxi_Group_China\\TR006
2017-10-06 08:20:46: TR006-Da: TT  690 (Dn): Error writing backup file c:\Dropbox\Hargraves_Data\Banxi_Group_China\\TR006
2017-10-06 08:20:47: TR006-Da: TT  690 (Dn): Error writing backup file c:\Dropbox\Hargraves_Data\Banxi_Group_China\\TR006
2017-10-06 08:22:15: TR006-Ea: TT  690 (Dn): Error writing backup file c:\Dropbox\Hargraves_Data\Banxi_Group_China\\TR006
2017-10-06 08:22:17: TR006-Ea: TT  690 (Dn): Error writing backup file c:\Dropbox\Hargraves_Data\Banxi_Group_China\\TR006
2017-10-06 08:23:50: TR006-Fa: TT  690 (Dn): Error writing backup file c:\Dropbox\Hargraves_Data\Banxi_Group_China\\TR006
2017-10-06 08:23:52: TR006-Fa: TT  690 (Dn): Error writing backup file c:\Dropbox\Hargraves_Data\Banxi_Group_China\\TR006
2017-10-06 08:25:20: TR006-Ga: TT  690 (Dn): Error writing backup file c:\Dropbox\Hargraves_Data\Banxi_Group_China\\TR006
2017-10-06 08:25:22: TR006-Ga: TT  690 (Dn): Error writing backup file c:\Dropbox\Hargraves_Data\Banxi_Group_China\\TR006
2017-10-06 08:26:51: TR006-Ha: TT  690 (Dn): Error writing backup file c:\Dropbox\Hargraves_Data\Banxi_Group_China\\TR006
2017-10-06 08:26:53: TR006-Ha: TT  690 (Dn): Error writing backup file c:\Dropbox\Hargraves_Data\Banxi_Group_China\\TR006
2017-10-06 08:28:26: TR006-Ia: TT  690 (Dn): Error writing backup file c:\Dropbox\Hargraves_Data\Banxi_Group_China\\TR006
2017-10-06 08:28:28: TR006-Ia: TT  690 (Dn): Error writing backup file c:\Dropbox\Hargraves_Data\Banxi_Group_China\\TR006
2017-10-06 08:30:05: TR006-Ja: TT  690 (Dn): Error writing backup file c:\Dropbox\Hargraves_Data\Banxi_Group_China\\TR006
2017-10-06 08:30:06: TR006-Ja: TT  690 (Dn): Error writing backup file c:\Dropbox\Hargraves_Data\Banxi_Group_China\\TR006
2017-10-06 08:34:50: TR006-Ka: TT  690 (Dn): Error writing backup file c:\Dropbox\Hargraves_Data\Banxi_Group_China\\TR006
2017-10-06 08:34:52: TR006-Ka: TT  690 (Dn): Error writing backup file c:\Dropbox\Hargraves_Data\Banxi_Group_China\\TR006
2017-10-06 08:36:31: TR006-La: TT  690 (Dn): Error writing backup file c:\Dropbox\Hargraves_Data\Banxi_Group_China\\TR006
2017-10-06 08:36:33: TR006-La: TT  690 (Dn): Error writing backup file c:\Dropbox\Hargraves_Data\Banxi_Group_China\\TR006
2017-10-06 08:38:09: TR006-Ma: TT  690 (Dn): Error writing backup file c:\Dropbox\Hargraves_Data\Banxi_Group_China\\TR006
2017-10-06 08:38:10: TR006-Ma: TT  690 (Dn): Error writing backup file c:\Dropbox\Hargraves_Data\Banxi_Group_China\\TR006
2017-10-06 08:39:42: TR006-Na: TT  690 (Dn): Error writing backup file c:\Dropbox\Hargraves_Data\Banxi_Group_China\\TR006
2017-10-06 08:39:43: TR006-Na: TT  690 (Dn): Error writing backup file c:\Dropbox\Hargraves_Data\Banxi_Group_China\\TR006
2017-10-06 08:42:53: TR006-Pa: TT  690 (Dn): Error writing backup file c:\Dropbox\Hargraves_Data\Banxi_Group_China\\TR006
2017-10-06 08:42:54: TR006-Pa: TT  690 (Dn): Error writing backup file c:\Dropbox\Hargraves_Data\Banxi_Group_China\\TR006
2017-10-06 08:44:23: TR006-Qa: TT  690 (Dn): Error writing backup file c:\Dropbox\Hargraves_Data\Banxi_Group_China\\TR006
2017-10-06 08:44:25: TR006-Qa: TT  690 (Dn): Error writing backup file c:\Dropbox\Hargraves_Data\Banxi_Group_China\\TR006
2017-10-06 08:45:53: TR006-Ra: TT  690 (Dn): Error writing backup file c:\Dropbox\Hargraves_Data\Banxi_Group_China\\TR006
2017-10-06 08:45:55: TR006-Ra: TT  690 (Dn): Error writing backup file c:\Dropbox\Hargraves_Data\Banxi_Group_China\\TR006
2017-10-06 08:47:27: TR006-Sa: TT  690 (Dn): Error writing backup file c:\Dropbox\Hargraves_Data\Banxi_Group_China\\TR006
2017-10-06 08:47:29: TR006-Sa: TT  690 (Dn): Error writing backup file c:\Dropbox\Hargraves_Data\Banxi_Group_China\\TR006
2017-10-06 08:49:04: TR006-Ta: TT  690 (Dn): Error writing backup file c:\Dropbox\Hargraves_Data\Banxi_Group_China\\TR006
2017-10-06 08:49:06: TR006-Ta: TT  690 (Dn): Error writing backup file c:\Dropbox\Hargraves_Data\Banxi_Group_China\\TR006
2017-10-06 08:51:00: TR006-Ua: TT  690 (Dn): Error writing backup file c:\Dropbox\Hargraves_Data\Banxi_Group_China\\TR006
2017-10-06 08:51:02: TR006-Ua: TT  690 (Dn): Error writing backup file c:\Dropbox\Hargraves_Data\Banxi_Group_China\\TR006
2017-10-06 08:55:40: TR006-Va: TT  690 (Dn): Error writing backup file c:\Dropbox\Hargraves_Data\Banxi_Group_China\\TR006
2017-10-06 08:55:42: TR006-Va: TT  690 (Dn): Error writing backup file c:\Dropbox\Hargraves_Data\Banxi_Group_China\\TR006
2017-10-06 08:57:16: TR006-Wa: TT  690 (Dn): Error writing backup file c:\Dropbox\Hargraves_Data\Banxi_Group_China\\TR006
2017-10-06 08:57:17: TR006-Wa: TT  690 (Dn): Error writing backup file c:\Dropbox\Hargraves_Data\Banxi_Group_China\\TR006
2017-10-06 08:58:48: TR006-Xa: TT  690 (Dn): Error writing backup file c:\Dropbox\Hargraves_Data\Banxi_Group_China\\TR006
2017-10-06 08:58:50: TR006-Xa: TT  690 (Dn): Error writing backup file c:\Dropbox\Hargraves_Data\Banxi_Group_China\\TR006
2017-10-06 09:00:17: TR006-Ya: TT  690 (Dn): Error writing backup file c:\Dropbox\Hargraves_Data\Banxi_Group_China\\TR006
2017-10-06 09:00:18: TR006-Ya: TT  690 (Dn): Error writing backup file c:\Dropbox\Hargraves_Data\Banxi_Group_China\\TR006
2017-10-06 09:01:45: TR006-Za: TT  690 (Dn): Error writing backup file c:\Dropbox\Hargraves_Data\Banxi_Group_China\\TR006
2017-10-06 09:01:47: TR006-Za: TT  690 (Dn): Error writing backup file c:\Dropbox\Hargraves_Data\Banxi_Group_China\\TR006
2017-10-06 09:31:04: TR006-Da: TT  690 (Dn): Error writing backup file c:\Dropbox\Hargraves_Data\Banxi_Group_China\\TR006
2017-10-06 09:31:06: TR006-Da: TT  690 (Dn): Error writing backup file c:\Dropbox\Hargraves_Data\Banxi_Group_China\\TR006
2017-10-06 09:32:41: TR006-Ga: TT  690 (Dn): Error writing backup file c:\Dropbox\Hargraves_Data\Banxi_Group_China\\TR006
2017-10-06 09:32:43: TR006-Ga: TT  690 (Dn): Error writing backup file c:\Dropbox\Hargraves_Data\Banxi_Group_China\\TR006
2017-10-06 09:34:12: TR006-Ha: TT  690 (Dn): Error writing backup file c:\Dropbox\Hargraves_Data\Banxi_Group_China\\TR006
2017-10-06 09:34:14: TR006-Ha: TT  690 (Dn): Error writing backup file c:\Dropbox\Hargraves_Data\Banxi_Group_China\\TR006
2017-10-06 09:35:57: TR006-Ja: TT  690 (Dn): Error writing backup file c:\Dropbox\Hargraves_Data\Banxi_Group_China\\TR006
2017-10-06 09:35:58: TR006-Ja: TT  690 (Dn): Error writing backup file c:\Dropbox\Hargraves_Data\Banxi_Group_China\\TR006
2017-10-06 09:37:39: TR006-Pa: TT  690 (Dn): Error writing backup file c:\Dropbox\Hargraves_Data\Banxi_Group_China\\TR006
2017-10-06 09:37:41: TR006-Pa: TT  690 (Dn): Error writing backup file c:\Dropbox\Hargraves_Data\Banxi_Group_China\\TR006
2017-10-06 10:04:35: TR006-Da: TT  690 (Dn): Error writing backup file c:\Dropbox\Hargraves_Data\Banxi_Group_China\\TR006
2017-10-06 10:04:36: TR006-Da: TT  690 (Dn): Error writing backup file c:\Dropbox\Hargraves_Data\Banxi_Group_China\\TR006
2017-10-06 10:06:08: TR006-Ga: TT  690 (Dn): Error writing backup file c:\Dropbox\Hargraves_Data\Banxi_Group_China\\TR006
2017-10-06 10:06:10: TR006-Ga: TT  690 (Dn): Error writing backup file c:\Dropbox\Hargraves_Data\Banxi_Group_China\\TR006
2017-10-06 10:07:40: TR006-Ha: TT  690 (Dn): Error writing backup file c:\Dropbox\Hargraves_Data\Banxi_Group_China\\TR006
2017-10-06 10:07:42: TR006-Ha: TT  690 (Dn): Error writing backup file c:\Dropbox\Hargraves_Data\Banxi_Group_China\\TR006
2017-10-06 10:09:18: TR006-Ja: TT  690 (Dn): Error writing backup file c:\Dropbox\Hargraves_Data\Banxi_Group_China\\TR006
2017-10-06 10:09:20: TR006-Ja: TT  690 (Dn): Error writing backup file c:\Dropbox\Hargraves_Data\Banxi_Group_China\\TR006
2017-10-06 10:11:06: TR006-Pa: TT  690 (Dn): Error writing backup file c:\Dropbox\Hargraves_Data\Banxi_Group_China\\TR006
2017-10-06 10:11:09: TR006-Pa: TT  690 (Dn): Error writing backup file c:\Dropbox\Hargraves_Data\Banxi_Group_China\\TR006
2017-10-06 10:42:56: TR006-Aa: TT  690 (Dn): Error writing backup file c:\Dropbox\Hargraves_Data\Banxi_Group_China\\TR006
2017-10-06 10:42:58: TR006-Aa: TT  690 (Dn): Error writing backup file c:\Dropbox\Hargraves_Data\Banxi_Group_China\\TR006
2017-10-06 10:44:44: TR006-Ba: TT  690 (Dn): Error writing backup file c:\Dropbox\Hargraves_Data\Banxi_Group_China\\TR006
2017-10-06 10:44:45: TR006-Ba: TT  690 (Dn): Error writing backup file c:\Dropbox\Hargraves_Data\Banxi_Group_China\\TR006
2017-10-08 12:37:31: TR006-Ya: TT  692 (Dn): Unacceptable slop on up/down motor moving from  -49 to -44595 at speed  80000000.    Target position: -44595  Current position: -5425    Execution has been paused. Please check machine.
2017-10-08 12:46:06: TR006-Ya: TT  692 (Dn): Hargraves Magnetometer is now operating at code Blue  
2017-10-08 12:46:13: TR006-Ya: TT  692 (Dn): Homed to top but did not hit switch.
2017-10-08 12:59:08: TR006-Ya: TT  692 (Dn): Hargraves Magnetometer is now operating at code Blue  
