2017-07-21 16:00:55: TR014-Ka: TT  100 (Up): Unacceptable slop on up/down motor moving from  -38 to -17308 at speed  30000000.    Target position: -17308  Current position: -5227    Execution has been paused. Please check machine.
2017-07-21 16:01:27: TR014-Ka: TT  100 (Up): Hargraves Magnetometer is now operating at code Blue  
2017-08-08 16:12:13: TR014-Ka: TT  550 (Dn): Unacceptable slop on up/down motor moving from  -45 to -44546 at speed  60000000.    Target position: -44546  Current position: -5338    Execution has been paused. Please check machine.
2017-08-08 16:12:41: TR014-Ka: TT  550 (Dn): Hargraves Magnetometer is now operating at code Blue  
2017-08-08 16:12:50: TR014-Ka: TT  550 (Dn): Homed to top but did not hit switch.
2017-08-08 16:12:52: TR014-Ka: TT  550 (Dn): Hargraves Magnetometer is now operating at code Blue  
2017-08-18 15:44:03: TR014-Ka: TT  575 (Up): Unacceptable slop on up/down motor moving from  -49 to -17248 at speed  30000000.    Target position: -17248  Current position: -5144    Execution has been paused. Please check machine.
2017-08-18 15:44:26: TR014-Ka: TT  575 (Up): Hargraves Magnetometer is now operating at code Blue  
2017-09-08 17:09:23: TR014-Ha: TT  660 (Up): Unacceptable slop on up/down motor moving from  -87 to -17273 at speed  30000000.    Target position: -17273  Current position: -5112    Execution has been paused. Please check machine.
2017-09-08 17:13:21: TR014-Ha: TT  660 (Up): Hargraves Magnetometer is now operating at code Blue  
2017-09-08 17:13:40: TR014-Ha: TT  660 (Up): Homed to top but did not hit switch.
2017-09-08 17:15:44: TR014-Ha: TT  660 (Up): Hargraves Magnetometer is now operating at code Blue  
2017-09-08 17:15:47: TR014-Ha: TT  660 (Up): Homed to top but did not hit switch.
2017-09-08 17:15:49: TR014-Ha: TT  660 (Up): Homed to top but did not hit switch.
2017-09-08 17:16:00: TR014-Ha: TT  660 (Up): Hargraves Magnetometer is now operating at code Blue  
2017-09-10 10:11:30: TR014-Ha: TT  660 (Up): Unacceptable slop on up/down motor moving from  -48 to -17271 at speed  30000000.    Target position: -17271  Current position: -5195    Execution has been paused. Please check machine.
2017-09-10 10:12:06: TR014-Ha: TT  660 (Up): Hargraves Magnetometer is now operating at code Blue  
2017-09-12 12:52:54: TR014-Fa: TT  665 (Up): Unacceptable slop on up/down motor moving from  -86 to -17235 at speed  30000000.    Target position: -17235  Current position: -5085    Execution has been paused. Please check machine.
2017-09-12 13:43:18: TR014-Fa: TT  665 (Up): Hargraves Magnetometer is now operating at code Blue  
2017-09-12 13:45:19: TR014-Ga: TT  665 (Up): Unacceptable slop on up/down motor moving from  -86 to -17283 at speed  30000000.    Target position: -17283  Current position: -5145    Execution has been paused. Please check machine.
2017-09-12 13:45:23: TR014-Ga: TT  665 (Up): Hargraves Magnetometer is now operating at code Blue  
2017-09-15 17:32:52: TR014-Fa: TT  672 (Up): Unacceptable slop on up/down motor moving from  -93 to -17229 at speed  30000000.    Target position: -17229  Current position: -5072    Execution has been paused. Please check machine.
2017-09-15 17:33:19: TR014-Fa: TT  672 (Up): Hargraves Magnetometer is now operating at code Blue  
2017-09-15 17:35:10: TR014-Ga: TT  672 (Up): Unacceptable slop on up/down motor moving from  -95 to -17278 at speed  30000000.    Target position: -17278  Current position: -5099    Execution has been paused. Please check machine.
2017-09-15 17:35:28: TR014-Ga: TT  672 (Up): Hargraves Magnetometer is now operating at code Blue  
2017-09-15 19:26:05: TR014-Ea: TT  672 (Dn): Unacceptable slop on up/down motor moving from  -47 to -44529 at speed  60000000.    Target position: -44529  Current position: -5265    Execution has been paused. Please check machine.
2017-09-16 14:12:21: TR014-Ea: TT  672 (Dn): Hargraves Magnetometer is now operating at code Blue  
2017-09-19 15:04:21: TR014-Fa: TT  674 (Dn): Red
2017-09-25 11:27:30: TR014-Ca: TT  680 (Up): Red
2017-10-01 23:45:03: TR014-Aa: TT  684 (Dn): Error writing backup file c:\Dropbox\Hargraves_Data\Banxi_Group_China\\TR014
2017-10-01 23:45:04: TR014-Aa: TT  684 (Dn): Error writing backup file c:\Dropbox\Hargraves_Data\Banxi_Group_China\\TR014
2017-10-01 23:46:35: TR014-Ba: TT  684 (Dn): Error writing backup file c:\Dropbox\Hargraves_Data\Banxi_Group_China\\TR014
2017-10-01 23:46:36: TR014-Ba: TT  684 (Dn): Error writing backup file c:\Dropbox\Hargraves_Data\Banxi_Group_China\\TR014
2017-10-01 23:48:08: TR014-Ca: TT  684 (Dn): Error writing backup file c:\Dropbox\Hargraves_Data\Banxi_Group_China\\TR014
2017-10-01 23:48:09: TR014-Ca: TT  684 (Dn): Error writing backup file c:\Dropbox\Hargraves_Data\Banxi_Group_China\\TR014
2017-10-01 23:49:44: TR014-Da: TT  684 (Dn): Error writing backup file c:\Dropbox\Hargraves_Data\Banxi_Group_China\\TR014
2017-10-01 23:49:46: TR014-Da: TT  684 (Dn): Error writing backup file c:\Dropbox\Hargraves_Data\Banxi_Group_China\\TR014
2017-10-01 23:51:21: TR014-Ea: TT  684 (Dn): Error writing backup file c:\Dropbox\Hargraves_Data\Banxi_Group_China\\TR014
2017-10-01 23:51:23: TR014-Ea: TT  684 (Dn): Error writing backup file c:\Dropbox\Hargraves_Data\Banxi_Group_China\\TR014
2017-10-01 23:52:55: TR014-Fa: TT  684 (Dn): Error writing backup file c:\Dropbox\Hargraves_Data\Banxi_Group_China\\TR014
2017-10-01 23:52:56: TR014-Fa: TT  684 (Dn): Error writing backup file c:\Dropbox\Hargraves_Data\Banxi_Group_China\\TR014
2017-10-01 23:54:27: TR014-Ga: TT  684 (Dn): Error writing backup file c:\Dropbox\Hargraves_Data\Banxi_Group_China\\TR014
2017-10-01 23:54:28: TR014-Ga: TT  684 (Dn): Error writing backup file c:\Dropbox\Hargraves_Data\Banxi_Group_China\\TR014
2017-10-01 23:56:03: TR014-Ha: TT  684 (Dn): Error writing backup file c:\Dropbox\Hargraves_Data\Banxi_Group_China\\TR014
2017-10-01 23:56:04: TR014-Ha: TT  684 (Dn): Error writing backup file c:\Dropbox\Hargraves_Data\Banxi_Group_China\\TR014
2017-10-01 23:57:56: TR014-Ia: TT  684 (Dn): Error writing backup file c:\Dropbox\Hargraves_Data\Banxi_Group_China\\TR014
2017-10-01 23:57:58: TR014-Ia: TT  684 (Dn): Error writing backup file c:\Dropbox\Hargraves_Data\Banxi_Group_China\\TR014
2017-10-02 00:02:31: TR014-Ja: TT  684 (Dn): Error writing backup file c:\Dropbox\Hargraves_Data\Banxi_Group_China\\TR014
2017-10-02 00:02:32: TR014-Ja: TT  684 (Dn): Error writing backup file c:\Dropbox\Hargraves_Data\Banxi_Group_China\\TR014
2017-10-02 00:04:05: TR014-Ka: TT  684 (Dn): Error writing backup file c:\Dropbox\Hargraves_Data\Banxi_Group_China\\TR014
2017-10-02 00:04:07: TR014-Ka: TT  684 (Dn): Error writing backup file c:\Dropbox\Hargraves_Data\Banxi_Group_China\\TR014
2017-10-02 00:05:42: TR014-La: TT  684 (Dn): Error writing backup file c:\Dropbox\Hargraves_Data\Banxi_Group_China\\TR014
2017-10-02 00:05:43: TR014-La: TT  684 (Dn): Error writing backup file c:\Dropbox\Hargraves_Data\Banxi_Group_China\\TR014
