2017-08-04 10:18:55: TR012-Ca: TT  475 (Dn): Red
2017-08-09 14:44:53: TR012-Ea: : Homed to top but did not hit switch.
2017-08-09 15:07:09: TR012-Ea: : Hargraves Magnetometer is now operating at code Blue  
2017-08-09 15:25:54: TR012-Ka: : Homed to top but did not hit switch.
2017-08-09 15:28:14: TR012-Ka: : Hargraves Magnetometer is now operating at code Blue  
2017-08-09 15:28:33: TR012-La: : Homed to top but did not hit switch.
2017-08-09 15:31:15: TR012-La: : Hargraves Magnetometer is now operating at code Blue  
2017-08-16 15:07:55: TR012-Ca: TT  560 (Dn): Red
2017-08-17 11:58:29: TR012-Ca: TT  565 (Dn): Red
2017-08-17 21:14:38: TR012-Ca: TT  570 (Dn): Red
2017-08-18 16:53:05: TR012-Ca: TT  575 (Dn): Red
2017-08-18 17:14:51: TR012-Pa: TT  575 (Dn): Red
2017-10-01 23:11:44: TR012-Aa: TT  684 (Dn): Error writing backup file c:\Dropbox\Hargraves_Data\Banxi_Group_China\\TR012
2017-10-01 23:11:45: TR012-Aa: TT  684 (Dn): Error writing backup file c:\Dropbox\Hargraves_Data\Banxi_Group_China\\TR012
2017-10-01 23:13:12: TR012-Ba: TT  684 (Dn): Error writing backup file c:\Dropbox\Hargraves_Data\Banxi_Group_China\\TR012
2017-10-01 23:13:14: TR012-Ba: TT  684 (Dn): Error writing backup file c:\Dropbox\Hargraves_Data\Banxi_Group_China\\TR012
2017-10-01 23:14:44: TR012-Ca: TT  684 (Dn): Error writing backup file c:\Dropbox\Hargraves_Data\Banxi_Group_China\\TR012
2017-10-01 23:14:45: TR012-Ca: TT  684 (Dn): Error writing backup file c:\Dropbox\Hargraves_Data\Banxi_Group_China\\TR012
2017-10-01 23:16:20: TR012-Da: TT  684 (Dn): Error writing backup file c:\Dropbox\Hargraves_Data\Banxi_Group_China\\TR012
2017-10-01 23:16:21: TR012-Da: TT  684 (Dn): Error writing backup file c:\Dropbox\Hargraves_Data\Banxi_Group_China\\TR012
2017-10-01 23:18:14: TR012-Ea: TT  684 (Dn): Error writing backup file c:\Dropbox\Hargraves_Data\Banxi_Group_China\\TR012
2017-10-01 23:18:16: TR012-Ea: TT  684 (Dn): Error writing backup file c:\Dropbox\Hargraves_Data\Banxi_Group_China\\TR012
2017-10-01 23:22:48: TR012-Fa: TT  684 (Dn): Error writing backup file c:\Dropbox\Hargraves_Data\Banxi_Group_China\\TR012
2017-10-01 23:22:50: TR012-Fa: TT  684 (Dn): Error writing backup file c:\Dropbox\Hargraves_Data\Banxi_Group_China\\TR012
2017-10-01 23:24:27: TR012-Ga: TT  684 (Dn): Error writing backup file c:\Dropbox\Hargraves_Data\Banxi_Group_China\\TR012
2017-10-01 23:24:29: TR012-Ga: TT  684 (Dn): Error writing backup file c:\Dropbox\Hargraves_Data\Banxi_Group_China\\TR012
2017-10-01 23:26:02: TR012-Ha: TT  684 (Dn): Error writing backup file c:\Dropbox\Hargraves_Data\Banxi_Group_China\\TR012
2017-10-01 23:26:04: TR012-Ha: TT  684 (Dn): Error writing backup file c:\Dropbox\Hargraves_Data\Banxi_Group_China\\TR012
2017-10-01 23:27:31: TR012-Ia: TT  684 (Dn): Error writing backup file c:\Dropbox\Hargraves_Data\Banxi_Group_China\\TR012
2017-10-01 23:27:32: TR012-Ia: TT  684 (Dn): Error writing backup file c:\Dropbox\Hargraves_Data\Banxi_Group_China\\TR012
2017-10-01 23:28:58: TR012-Ja: TT  684 (Dn): Error writing backup file c:\Dropbox\Hargraves_Data\Banxi_Group_China\\TR012
2017-10-01 23:28:59: TR012-Ja: TT  684 (Dn): Error writing backup file c:\Dropbox\Hargraves_Data\Banxi_Group_China\\TR012
2017-10-01 23:30:27: TR012-Ka: TT  684 (Dn): Error writing backup file c:\Dropbox\Hargraves_Data\Banxi_Group_China\\TR012
2017-10-01 23:30:28: TR012-Ka: TT  684 (Dn): Error writing backup file c:\Dropbox\Hargraves_Data\Banxi_Group_China\\TR012
2017-10-01 23:31:57: TR012-La: TT  684 (Dn): Error writing backup file c:\Dropbox\Hargraves_Data\Banxi_Group_China\\TR012
2017-10-01 23:31:58: TR012-La: TT  684 (Dn): Error writing backup file c:\Dropbox\Hargraves_Data\Banxi_Group_China\\TR012
2017-10-01 23:33:31: TR012-Ma: TT  684 (Dn): Error writing backup file c:\Dropbox\Hargraves_Data\Banxi_Group_China\\TR012
2017-10-01 23:33:33: TR012-Ma: TT  684 (Dn): Error writing backup file c:\Dropbox\Hargraves_Data\Banxi_Group_China\\TR012
2017-10-01 23:35:09: TR012-Na: TT  684 (Dn): Error writing backup file c:\Dropbox\Hargraves_Data\Banxi_Group_China\\TR012
2017-10-01 23:35:11: TR012-Na: TT  684 (Dn): Error writing backup file c:\Dropbox\Hargraves_Data\Banxi_Group_China\\TR012
2017-10-01 23:37:07: TR012-Pa: TT  684 (Dn): Error writing backup file c:\Dropbox\Hargraves_Data\Banxi_Group_China\\TR012
2017-10-01 23:37:09: TR012-Pa: TT  684 (Dn): Error writing backup file c:\Dropbox\Hargraves_Data\Banxi_Group_China\\TR012
2017-10-01 23:43:21: TR012-Qa: TT  684 (Dn): Error writing backup file c:\Dropbox\Hargraves_Data\Banxi_Group_China\\TR012
2017-10-01 23:43:23: TR012-Qa: TT  684 (Dn): Error writing backup file c:\Dropbox\Hargraves_Data\Banxi_Group_China\\TR012
